<?xml version="1.0" encoding="UTF-8"?>
<testsuite xmlns:xsi="http://www.w3.org/2001/XMLSchema-instance" xsi:noNamespaceSchemaLocation="https://maven.apache.org/surefire/maven-surefire-plugin/xsd/surefire-test-report.xsd" name="com.korm.test.KormTest" time="0.804" tests="6" errors="0" skipped="0" failures="0">
  <properties>
[...]
</properties>
  <testcase name="kormBasicCreateAndDestroyTable" classname="com.korm.test.KormTest" time="0.028"/>
  <testcase name="kormSimpleSaveQueryTest" classname="com.korm.test.KormTest" time="0.047"/>
  <testcase name="KormSaveQueryTest" classname="com.korm.test.KormTest" time="0.053"/>
  <testcase name="kormUpdateTest" classname="com.korm.test.KormTest" time="0.056"/>
  <testcase name="kormDeleteTest" classname="com.korm.test.KormTest" time="0.198"/>
  <testcase name="kormSession" classname="com.korm.test.KormTest" time="0.056"/>
</testsuite>